build/outputs/logs/manifest-merger-debug-report.txt
-- Merging decision tree log ---
manifest
ADDED from src\main\AndroidManifest.xml:2:1-76:12
	package
		ADDED from src\main\AndroidManifest.xml:3:5-44
		INJECTED from src\main\AndroidManifest.xml
		INJECTED from src\main\AndroidManifest.xml
	android:versionName
		INJECTED from src\main\AndroidManifest.xml
		INJECTED from src\main\AndroidManifest.xml
	xmlns:android
		ADDED from src\main\AndroidManifest.xml:2:11-69
	android:versionCode
		INJECTED from src\main\AndroidManifest.xml
		INJECTED from src\main\AndroidManifest.xml
uses-sdk
ADDED from src\main\AndroidManifest.xml:5:5-7:41
MERGED from [com.android.support:appcompat-v7:23.1.1] AndroidManifest.xml:20:5-43
MERGED from [com.android.support:support-v4:23.1.1] AndroidManifest.xml:20:5-43
MERGED from [com.android.support:design:23.1.1] AndroidManifest.xml:20:5-43
MERGED from [com.android.support:appcompat-v7:23.1.1] AndroidManifest.xml:20:5-43
MERGED from [com.android.support:support-v4:23.1.1] AndroidManifest.xml:20:5-43
MERGED from [com.android.support:recyclerview-v7:23.1.1] AndroidManifest.xml:20:5-43
MERGED from [com.android.support:support-v4:23.1.1] AndroidManifest.xml:20:5-43
MERGED from [com.android.support:support-v4:23.1.1] AndroidManifest.xml:20:5-43
MERGED from [com.getbase:floatingactionbutton:1.10.1] AndroidManifest.xml:8:5-10:41
MERGED from [com.android.support:recyclerview-v7:23.1.1] AndroidManifest.xml:20:5-43
MERGED from [com.android.support:support-v4:23.1.1] AndroidManifest.xml:20:5-43
MERGED from [com.android.support:cardview-v7:23.1.1] AndroidManifest.xml:20:5-43
MERGED from [com.android.support:support-v4:23.1.1] AndroidManifest.xml:20:5-43
MERGED from [com.google.android.gms:play-services-analytics:8.4.0] AndroidManifest.xml:18:5-42
MERGED from [com.google.android.gms:play-services-basement:8.4.0] AndroidManifest.xml:18:5-42
MERGED from [com.android.support:support-v4:23.1.1] AndroidManifest.xml:20:5-43
MERGED from [com.github.LarsWerkman:Lobsterpicker:1.0.1] AndroidManifest.xml:22:5-24:41
	android:targetSdkVersion
		ADDED from src\main\AndroidManifest.xml:7:9-38
		INJECTED from src\main\AndroidManifest.xml
		INJECTED from src\main\AndroidManifest.xml
	android:minSdkVersion
		ADDED from src\main\AndroidManifest.xml:6:9-34
		INJECTED from src\main\AndroidManifest.xml
		INJECTED from src\main\AndroidManifest.xml
uses-permission#android.permission.INTERNET
ADDED from src\main\AndroidManifest.xml:9:5-67
MERGED from [com.google.android.gms:play-services-analytics:8.4.0] AndroidManifest.xml:21:5-67
	android:name
		ADDED from src\main\AndroidManifest.xml:9:22-64
uses-permission#android.permission.ACCESS_NETWORK_STATE
ADDED from src\main\AndroidManifest.xml:10:5-79
MERGED from [com.google.android.gms:play-services-analytics:8.4.0] AndroidManifest.xml:22:5-79
	android:name
		ADDED from src\main\AndroidManifest.xml:10:22-76
android:uses-permission#android.permission.WRITE_EXTERNAL_STORAGE
ADDED from src\main\AndroidManifest.xml:12:5-89
	android:name
		ADDED from src\main\AndroidManifest.xml:12:30-86
android:uses-permission#android.permission.READ_PHONE_STATE
ADDED from src\main\AndroidManifest.xml:13:5-83
	android:name
		ADDED from src\main\AndroidManifest.xml:13:30-80
android:uses-permission#android.permission.READ_EXTERNAL_STORAGE
ADDED from src\main\AndroidManifest.xml:14:5-88
	android:name
		ADDED from src\main\AndroidManifest.xml:14:30-85
uses-permission#android.permission.VIBRATE
ADDED from src\main\AndroidManifest.xml:16:5-66
	android:name
		ADDED from src\main\AndroidManifest.xml:16:22-63
application
ADDED from src\main\AndroidManifest.xml:18:5-74:19
MERGED from [com.android.support:appcompat-v7:23.1.1] AndroidManifest.xml:22:5-20
MERGED from [com.android.support:support-v4:23.1.1] AndroidManifest.xml:22:5-20
MERGED from [com.android.support:design:23.1.1] AndroidManifest.xml:22:5-20
MERGED from [com.android.support:appcompat-v7:23.1.1] AndroidManifest.xml:22:5-20
MERGED from [com.android.support:support-v4:23.1.1] AndroidManifest.xml:22:5-20
MERGED from [com.android.support:support-v4:23.1.1] AndroidManifest.xml:22:5-20
MERGED from [com.android.support:support-v4:23.1.1] AndroidManifest.xml:22:5-20
MERGED from [com.getbase:floatingactionbutton:1.10.1] AndroidManifest.xml:12:5-20
MERGED from [com.android.support:support-v4:23.1.1] AndroidManifest.xml:22:5-20
MERGED from [com.android.support:cardview-v7:23.1.1] AndroidManifest.xml:22:5-20
MERGED from [com.android.support:support-v4:23.1.1] AndroidManifest.xml:22:5-20
MERGED from [com.google.android.gms:play-services-analytics:8.4.0] AndroidManifest.xml:24:5-20
MERGED from [com.google.android.gms:play-services-basement:8.4.0] AndroidManifest.xml:20:5-24:19
MERGED from [com.android.support:support-v4:23.1.1] AndroidManifest.xml:22:5-20
	android:label
		ADDED from src\main\AndroidManifest.xml:21:9-41
	android:supportsRtl
		ADDED from src\main\AndroidManifest.xml:22:9-35
	android:allowBackup
		ADDED from src\main\AndroidManifest.xml:19:9-35
	android:icon
		ADDED from src\main\AndroidManifest.xml:20:9-43
	android:theme
		ADDED from src\main\AndroidManifest.xml:23:9-40
activity#com.github.leonardpieper.ceciVPlanLV.MainActivity
ADDED from src\main\AndroidManifest.xml:24:9-33:20
	android:label
		ADDED from src\main\AndroidManifest.xml:26:13-45
	android:theme
		ADDED from src\main\AndroidManifest.xml:27:13-56
	android:name
		ADDED from src\main\AndroidManifest.xml:25:13-77
intent-filter#android.intent.action.MAIN+android.intent.category.LAUNCHER
ADDED from src\main\AndroidManifest.xml:28:13-32:29
action#android.intent.action.MAIN
ADDED from src\main\AndroidManifest.xml:29:17-69
	android:name
		ADDED from src\main\AndroidManifest.xml:29:25-66
category#android.intent.category.LAUNCHER
ADDED from src\main\AndroidManifest.xml:31:17-77
	android:name
		ADDED from src\main\AndroidManifest.xml:31:27-74
activity#com.github.leonardpieper.ceciVPlanLV.SettingsActivityOld
ADDED from src\main\AndroidManifest.xml:34:9-37:68
	android:label
		ADDED from src\main\AndroidManifest.xml:36:13-60
	android:theme
		ADDED from src\main\AndroidManifest.xml:37:13-56
	android:name
		ADDED from src\main\AndroidManifest.xml:35:13-84
activity#com.github.leonardpieper.ceciVPlanLV.SettingsActivity
ADDED from src\main\AndroidManifest.xml:38:9-40:72
	android:label
		ADDED from src\main\AndroidManifest.xml:40:13-60
	android:name
		ADDED from src\main\AndroidManifest.xml:39:13-81
activity#com.github.leonardpieper.ceciVPlanLV.HelpActivity
ADDED from src\main\AndroidManifest.xml:41:9-44:68
	android:label
		ADDED from src\main\AndroidManifest.xml:43:13-56
	android:theme
		ADDED from src\main\AndroidManifest.xml:44:13-56
	android:name
		ADDED from src\main\AndroidManifest.xml:42:13-77
activity#com.github.leonardpieper.ceciVPlanLV.ExamsActivity
ADDED from src\main\AndroidManifest.xml:45:9-48:68
	android:label
		ADDED from src\main\AndroidManifest.xml:47:13-57
	android:theme
		ADDED from src\main\AndroidManifest.xml:48:13-56
	android:name
		ADDED from src\main\AndroidManifest.xml:46:13-78
activity#com.github.leonardpieper.ceciVPlanLV.SettingsFragment
ADDED from src\main\AndroidManifest.xml:49:9-99
	android:name
		ADDED from src\main\AndroidManifest.xml:49:19-87
receiver#com.github.leonardpieper.ceciVPlanLV.NotifyReceiver
ADDED from src\main\AndroidManifest.xml:51:9-97
	android:name
		ADDED from src\main\AndroidManifest.xml:51:19-85
service#com.github.leonardpieper.ceciVPlanLV.NotifyService
ADDED from src\main\AndroidManifest.xml:53:9-94
	android:name
		ADDED from src\main\AndroidManifest.xml:53:18-83
activity#com.github.leonardpieper.ceciVPlanLV.FirstStartActivity
ADDED from src\main\AndroidManifest.xml:55:9-101
	android:name
		ADDED from src\main\AndroidManifest.xml:55:19-89
activity#com.github.leonardpieper.ceciVPlanLV.TimetableActivity_old
ADDED from src\main\AndroidManifest.xml:56:9-58:68
	android:theme
		ADDED from src\main\AndroidManifest.xml:58:13-56
	android:name
		ADDED from src\main\AndroidManifest.xml:57:13-86
activity#com.github.leonardpieper.ceciVPlanLV.TimeTableActivity
ADDED from src\main\AndroidManifest.xml:59:9-62:68
	android:label
		ADDED from src\main\AndroidManifest.xml:61:13-56
	android:theme
		ADDED from src\main\AndroidManifest.xml:62:13-56
	android:name
		ADDED from src\main\AndroidManifest.xml:60:13-82
activity#com.github.leonardpieper.ceciVPlanLV.PrefDayActivity
ADDED from src\main\AndroidManifest.xml:63:9-69:20
	android:name
		ADDED from src\main\AndroidManifest.xml:63:19-86
intent-filter#android.intent.category.DEFAULT+com.github.leoanrdpieper.activities.ceciVPlan
ADDED from src\main\AndroidManifest.xml:64:13-68:29
action#com.github.leoanrdpieper.activities.ceciVPlan
ADDED from src\main\AndroidManifest.xml:65:17-88
	android:name
		ADDED from src\main\AndroidManifest.xml:65:25-85
category#android.intent.category.DEFAULT
ADDED from src\main\AndroidManifest.xml:67:17-76
	android:name
		ADDED from src\main\AndroidManifest.xml:67:27-73
activity#com.github.leonardpieper.ceciVPlanLV.ChangeTTActivity
ADDED from src\main\AndroidManifest.xml:70:9-99
	android:name
		ADDED from src\main\AndroidManifest.xml:70:19-87
activity#com.github.leonardpieper.ceciVPlanLV.UpdateTTActivity
ADDED from src\main\AndroidManifest.xml:71:9-99
	android:name
		ADDED from src\main\AndroidManifest.xml:71:19-87
activity#com.github.leonardpieper.ceciVPlanLV.AddExamActivity
ADDED from src\main\AndroidManifest.xml:72:9-98
	android:name
		ADDED from src\main\AndroidManifest.xml:72:19-86
activity#com.github.leonardpieper.ceciVPlanLV.LogginActivity
ADDED from src\main\AndroidManifest.xml:73:9-97
	android:name
		ADDED from src\main\AndroidManifest.xml:73:19-85
meta-data#com.google.android.gms.version
ADDED from [com.google.android.gms:play-services-basement:8.4.0] AndroidManifest.xml:21:9-23:69
	android:value
		ADDED from [com.google.android.gms:play-services-basement:8.4.0] AndroidManifest.xml:23:13-66
	android:name
		ADDED from [com.google.android.gms:play-services-basement:8.4.0] AndroidManifest.xml:22:13-58